Determining if the pthread_create exist failed with the following output:
Change Dir: /home/ycz/ICRA_HERO_ws/build/CMakeFiles/CMakeTmp

Run Build Command:"/usr/bin/make" "cmTC_0d50c/fast"
/usr/bin/make -f CMakeFiles/cmTC_0d50c.dir/build.make CMakeFiles/cmTC_0d50c.dir/build
make[1]: Entering directory '/home/ycz/ICRA_HERO_ws/build/CMakeFiles/CMakeTmp'
Building C object CMakeFiles/cmTC_0d50c.dir/CheckSymbolExists.c.o
/usr/bin/cc     -o CMakeFiles/cmTC_0d50c.dir/CheckSymbolExists.c.o   -c /home/ycz/ICRA_HERO_ws/build/CMakeFiles/CMakeTmp/CheckSymbolExists.c
Linking C executable cmTC_0d50c
/usr/bin/cmake -E cmake_link_script CMakeFiles/cmTC_0d50c.dir/link.txt --verbose=1
/usr/bin/cc       CMakeFiles/cmTC_0d50c.dir/CheckSymbolExists.c.o  -o cmTC_0d50c -rdynamic 
CMakeFiles/cmTC_0d50c.dir/CheckSymbolExists.c.o：在函数‘main’中：
CheckSymbolExists.c:(.text+0x16)：对‘pthread_create’未定义的引用
collect2: error: ld returned 1 exit status
CMakeFiles/cmTC_0d50c.dir/build.make:97: recipe for target 'cmTC_0d50c' failed
make[1]: *** [cmTC_0d50c] Error 1
make[1]: Leaving directory '/home/ycz/ICRA_HERO_ws/build/CMakeFiles/CMakeTmp'
Makefile:126: recipe for target 'cmTC_0d50c/fast' failed
make: *** [cmTC_0d50c/fast] Error 2

File /home/ycz/ICRA_HERO_ws/build/CMakeFiles/CMakeTmp/CheckSymbolExists.c:
/* */
#include <pthread.h>

int main(int argc, char** argv)
{
  (void)argv;
#ifndef pthread_create
  return ((int*)(&pthread_create))[argc];
#else
  (void)argc;
  return 0;
#endif
}

Determining if the function pthread_create exists in the pthreads failed with the following output:
Change Dir: /home/ycz/ICRA_HERO_ws/build/CMakeFiles/CMakeTmp

Run Build Command:"/usr/bin/make" "cmTC_352a6/fast"
/usr/bin/make -f CMakeFiles/cmTC_352a6.dir/build.make CMakeFiles/cmTC_352a6.dir/build
make[1]: Entering directory '/home/ycz/ICRA_HERO_ws/build/CMakeFiles/CMakeTmp'
Building C object CMakeFiles/cmTC_352a6.dir/CheckFunctionExists.c.o
/usr/bin/cc    -DCHECK_FUNCTION_EXISTS=pthread_create   -o CMakeFiles/cmTC_352a6.dir/CheckFunctionExists.c.o   -c /usr/share/cmake-3.5/Modules/CheckFunctionExists.c
Linking C executable cmTC_352a6
/usr/bin/cmake -E cmake_link_script CMakeFiles/cmTC_352a6.dir/link.txt --verbose=1
/usr/bin/cc   -DCHECK_FUNCTION_EXISTS=pthread_create    CMakeFiles/cmTC_352a6.dir/CheckFunctionExists.c.o  -o cmTC_352a6 -rdynamic -lpthreads 
/usr/bin/ld: 找不到 -lpthreads
collect2: error: ld returned 1 exit status
CMakeFiles/cmTC_352a6.dir/build.make:97: recipe for target 'cmTC_352a6' failed
make[1]: *** [cmTC_352a6] Error 1
make[1]: Leaving directory '/home/ycz/ICRA_HERO_ws/build/CMakeFiles/CMakeTmp'
Makefile:126: recipe for target 'cmTC_352a6/fast' failed
make: *** [cmTC_352a6/fast] Error 2


Determining if the Q_WS_WIN exist failed with the following output:
Change Dir: /home/ycz/ICRA_HERO_ws/build/CMakeFiles/CMakeTmp

Run Build Command:"/usr/bin/make" "cmTC_c9a94/fast"
/usr/bin/make -f CMakeFiles/cmTC_c9a94.dir/build.make CMakeFiles/cmTC_c9a94.dir/build
make[1]: Entering directory '/home/ycz/ICRA_HERO_ws/build/CMakeFiles/CMakeTmp'
Building CXX object CMakeFiles/cmTC_c9a94.dir/CheckSymbolExists.cxx.o
/usr/bin/c++    -I/usr/include/qt4   -o CMakeFiles/cmTC_c9a94.dir/CheckSymbolExists.cxx.o -c /home/ycz/ICRA_HERO_ws/build/CMakeFiles/CMakeTmp/CheckSymbolExists.cxx
/home/ycz/ICRA_HERO_ws/build/CMakeFiles/CMakeTmp/CheckSymbolExists.cxx: In function ‘int main(int, char**)’:
/home/ycz/ICRA_HERO_ws/build/CMakeFiles/CMakeTmp/CheckSymbolExists.cxx:8:19: error: ‘Q_WS_WIN’ was not declared in this scope
   return ((int*)(&Q_WS_WIN))[argc];
                   ^
CMakeFiles/cmTC_c9a94.dir/build.make:65: recipe for target 'CMakeFiles/cmTC_c9a94.dir/CheckSymbolExists.cxx.o' failed
make[1]: *** [CMakeFiles/cmTC_c9a94.dir/CheckSymbolExists.cxx.o] Error 1
make[1]: Leaving directory '/home/ycz/ICRA_HERO_ws/build/CMakeFiles/CMakeTmp'
Makefile:126: recipe for target 'cmTC_c9a94/fast' failed
make: *** [cmTC_c9a94/fast] Error 2

File /home/ycz/ICRA_HERO_ws/build/CMakeFiles/CMakeTmp/CheckSymbolExists.cxx:
/* */
#include <QtCore/qglobal.h>

int main(int argc, char** argv)
{
  (void)argv;
#ifndef Q_WS_WIN
  return ((int*)(&Q_WS_WIN))[argc];
#else
  (void)argc;
  return 0;
#endif
}

Determining if the Q_WS_QWS exist failed with the following output:
Change Dir: /home/ycz/ICRA_HERO_ws/build/CMakeFiles/CMakeTmp

Run Build Command:"/usr/bin/make" "cmTC_c8154/fast"
/usr/bin/make -f CMakeFiles/cmTC_c8154.dir/build.make CMakeFiles/cmTC_c8154.dir/build
make[1]: Entering directory '/home/ycz/ICRA_HERO_ws/build/CMakeFiles/CMakeTmp'
Building CXX object CMakeFiles/cmTC_c8154.dir/CheckSymbolExists.cxx.o
/usr/bin/c++    -I/usr/include/qt4   -o CMakeFiles/cmTC_c8154.dir/CheckSymbolExists.cxx.o -c /home/ycz/ICRA_HERO_ws/build/CMakeFiles/CMakeTmp/CheckSymbolExists.cxx
/home/ycz/ICRA_HERO_ws/build/CMakeFiles/CMakeTmp/CheckSymbolExists.cxx: In function ‘int main(int, char**)’:
/home/ycz/ICRA_HERO_ws/build/CMakeFiles/CMakeTmp/CheckSymbolExists.cxx:8:19: error: ‘Q_WS_QWS’ was not declared in this scope
   return ((int*)(&Q_WS_QWS))[argc];
                   ^
CMakeFiles/cmTC_c8154.dir/build.make:65: recipe for target 'CMakeFiles/cmTC_c8154.dir/CheckSymbolExists.cxx.o' failed
make[1]: *** [CMakeFiles/cmTC_c8154.dir/CheckSymbolExists.cxx.o] Error 1
make[1]: Leaving directory '/home/ycz/ICRA_HERO_ws/build/CMakeFiles/CMakeTmp'
Makefile:126: recipe for target 'cmTC_c8154/fast' failed
make: *** [cmTC_c8154/fast] Error 2

File /home/ycz/ICRA_HERO_ws/build/CMakeFiles/CMakeTmp/CheckSymbolExists.cxx:
/* */
#include <QtCore/qglobal.h>

int main(int argc, char** argv)
{
  (void)argv;
#ifndef Q_WS_QWS
  return ((int*)(&Q_WS_QWS))[argc];
#else
  (void)argc;
  return 0;
#endif
}

Determining if the Q_WS_MAC exist failed with the following output:
Change Dir: /home/ycz/ICRA_HERO_ws/build/CMakeFiles/CMakeTmp

Run Build Command:"/usr/bin/make" "cmTC_0667c/fast"
/usr/bin/make -f CMakeFiles/cmTC_0667c.dir/build.make CMakeFiles/cmTC_0667c.dir/build
make[1]: Entering directory '/home/ycz/ICRA_HERO_ws/build/CMakeFiles/CMakeTmp'
Building CXX object CMakeFiles/cmTC_0667c.dir/CheckSymbolExists.cxx.o
/usr/bin/c++    -I/usr/include/qt4   -o CMakeFiles/cmTC_0667c.dir/CheckSymbolExists.cxx.o -c /home/ycz/ICRA_HERO_ws/build/CMakeFiles/CMakeTmp/CheckSymbolExists.cxx
/home/ycz/ICRA_HERO_ws/build/CMakeFiles/CMakeTmp/CheckSymbolExists.cxx: In function ‘int main(int, char**)’:
/home/ycz/ICRA_HERO_ws/build/CMakeFiles/CMakeTmp/CheckSymbolExists.cxx:8:19: error: ‘Q_WS_MAC’ was not declared in this scope
   return ((int*)(&Q_WS_MAC))[argc];
                   ^
CMakeFiles/cmTC_0667c.dir/build.make:65: recipe for target 'CMakeFiles/cmTC_0667c.dir/CheckSymbolExists.cxx.o' failed
make[1]: *** [CMakeFiles/cmTC_0667c.dir/CheckSymbolExists.cxx.o] Error 1
make[1]: Leaving directory '/home/ycz/ICRA_HERO_ws/build/CMakeFiles/CMakeTmp'
Makefile:126: recipe for target 'cmTC_0667c/fast' failed
make: *** [cmTC_0667c/fast] Error 2

File /home/ycz/ICRA_HERO_ws/build/CMakeFiles/CMakeTmp/CheckSymbolExists.cxx:
/* */
#include <QtCore/qglobal.h>

int main(int argc, char** argv)
{
  (void)argv;
#ifndef Q_WS_MAC
  return ((int*)(&Q_WS_MAC))[argc];
#else
  (void)argc;
  return 0;
#endif
}

